<?xml version="1.0" encoding="UTF-8"?>
<!-- Generated by org.testng.reporters.JUnitReportReporter -->
<testsuite hostname="DESKTOP-16JHH16" failures="0" tests="2" name="ecoomerce.onlineshopping.UserSmokeTest" time="17.890" errors="0" timestamp="2021-06-01T10:03:57 IST" skipped="0">
  <testcase classname="ecoomerce.onlineshopping.UserSmokeTest" name="verifyLuanchapp" time="9.304"/>
  <system-out/>
  <testcase classname="ecoomerce.onlineshopping.UserSmokeTest" name="verifyLinkElement" time="8.586"/>
  <system-out/>
</testsuite> <!-- ecoomerce.onlineshopping.UserSmokeTest -->
