<?xml version="1.0" encoding="UTF-8"?>
<!-- Generated by org.testng.reporters.JUnitReportReporter -->
<testsuite hostname="DESKTOP-16JHH16" failures="0" tests="3" name="report.NopCommerceTest" time="37.470" errors="0" timestamp="2021-06-04T14:58:05 IST" skipped="0">
  <testcase classname="report.NopCommerceTest" name="noCommerceLogoTest" time="10.480"/>
  <system-out/>
  <testcase classname="report.NopCommerceTest" name="noCommerceTitleTest" time="10.046"/>
  <system-out/>
  <testcase classname="report.NopCommerceTest" name="noCommerceLoginTest" time="16.944"/>
  <system-out/>
</testsuite> <!-- report.NopCommerceTest -->
